<?xml version="1.0" encoding="UTF-8"?>
<!-- Generated by org.testng.reporters.JUnitXMLReporter -->
<testsuite ignored="0" hostname="Dell" failures="0" tests="4" name="Test" time="14.167" errors="0" timestamp="2023-04-06T13:28:13 IST">
  <testcase classname="test_class.GetTc1" name="orchestrator" time="8.135"/>
  <testcase classname="test_class.PatchTc1" name="orchestrator" time="3.383"/>
  <testcase classname="test_class.PostTc1" name="orchestrator" time="1.154"/>
  <testcase classname="test_class.PutTc1" name="orchestrator" time="1.106"/>
</testsuite> <!-- Test -->
