<?xml version="1.0" encoding="UTF-8"?>
<testng-results ignored="0" total="4" passed="4" failed="0" skipped="0">
  <reporter-output>
  </reporter-output>
  <suite started-at="2023-04-06T13:27:59 IST" name="Suite" finished-at="2023-04-06T13:28:13 IST" duration-ms="14167">
    <groups>
    </groups>
    <test started-at="2023-04-06T13:27:59 IST" name="Test" finished-at="2023-04-06T13:28:13 IST" duration-ms="14167">
      <class name="test_class.PutTc1">
        <test-method signature="orchestrator()[pri:0, instance:test_class.PutTc1@341814d3]" started-at="2023-04-06T13:28:12 IST" name="orchestrator" finished-at="2023-04-06T13:28:13 IST" duration-ms="1106" status="PASS">
          <reporter-output>
          </reporter-output>
        </test-method> <!-- orchestrator -->
      </class> <!-- test_class.PutTc1 -->
      <class name="test_class.PostTc1">
        <test-method signature="orchestrator()[pri:0, instance:test_class.PostTc1@3d246ea3]" started-at="2023-04-06T13:28:10 IST" name="orchestrator" finished-at="2023-04-06T13:28:12 IST" duration-ms="1154" status="PASS">
          <reporter-output>
          </reporter-output>
        </test-method> <!-- orchestrator -->
      </class> <!-- test_class.PostTc1 -->
      <class name="test_class.GetTc1">
        <test-method signature="orchestrator()[pri:0, instance:test_class.GetTc1@573906eb]" started-at="2023-04-06T13:27:59 IST" name="orchestrator" finished-at="2023-04-06T13:28:07 IST" duration-ms="8135" status="PASS">
          <reporter-output>
          </reporter-output>
        </test-method> <!-- orchestrator -->
      </class> <!-- test_class.GetTc1 -->
      <class name="test_class.PatchTc1">
        <test-method signature="orchestrator()[pri:0, instance:test_class.PatchTc1@301eda63]" started-at="2023-04-06T13:28:07 IST" name="orchestrator" finished-at="2023-04-06T13:28:10 IST" duration-ms="3383" status="PASS">
          <reporter-output>
          </reporter-output>
        </test-method> <!-- orchestrator -->
      </class> <!-- test_class.PatchTc1 -->
    </test> <!-- Test -->
  </suite> <!-- Suite -->
</testng-results>
